2025-08-19 15:52:47 Starting MinIO master automation...
2025-08-19 15:52:47 Creating custom read-only policy...
2025-08-19 15:52:47 Policy 'read-only-policy' created.
2025-08-19 15:52:47 Creating user 'newuser' and attaching policy 'read-only-policy'...
2025-08-19 15:52:47 User 'newuser' created and policy attached.
2025-08-19 15:52:47 Creating service account 'appservice' with policy 'app-access-policy'...
2025-08-19 15:52:48 Service account 'appservice' created and policy attached.
2025-08-19 15:52:48 MinIO automation tasks completed.
2025-08-19 16:15:29 Starting MinIO master automation...
2025-08-19 16:15:29 Creating custom read-only policy...
2025-08-19 16:15:29 Policy 'read-only-policy' created.
2025-08-19 16:15:29 Creating user 'newuser' and attaching policy 'read-only-policy'...
2025-08-19 16:15:30 User 'newuser' created and policy attached.
2025-08-19 16:15:30 Creating service account 'appservice' with policy 'app-access-policy'...
2025-08-19 16:15:31 Service account 'appservice' created and policy attached.
2025-08-19 16:15:31 MinIO automation tasks completed.
2025-08-19 16:15:43 Starting MinIO master automation...
2025-08-19 16:15:43 Creating custom read-only policy...
2025-08-19 16:15:43 Policy 'read-only-policy' created.
2025-08-19 16:15:43 Creating user 'newuser' and attaching policy 'read-only-policy'...
2025-08-19 16:15:44 User 'newuser' created and policy attached.
2025-08-19 16:15:44 Creating service account 'appservice' with policy 'app-access-policy'...
2025-08-19 16:15:44 Service account 'appservice' created and policy attached.
2025-08-19 16:15:44 MinIO automation tasks completed.
